Determining if the pthread_create exist failed with the following output:
Change Dir: /home/etudiant/TERcelluleflexible/celluleflexible/ros_ws/build/CMakeFiles/CMakeTmp

Run Build Command:"/usr/bin/make" "cmTC_ab49c/fast"
/usr/bin/make -f CMakeFiles/cmTC_ab49c.dir/build.make CMakeFiles/cmTC_ab49c.dir/build
make[1] : on entre dans le répertoire « /home/etudiant/TERcelluleflexible/celluleflexible/ros_ws/build/CMakeFiles/CMakeTmp »
Building C object CMakeFiles/cmTC_ab49c.dir/CheckSymbolExists.c.o
/usr/bin/cc    -o CMakeFiles/cmTC_ab49c.dir/CheckSymbolExists.c.o   -c /home/etudiant/TERcelluleflexible/celluleflexible/ros_ws/build/CMakeFiles/CMakeTmp/CheckSymbolExists.c
Linking C executable cmTC_ab49c
/usr/bin/cmake -E cmake_link_script CMakeFiles/cmTC_ab49c.dir/link.txt --verbose=1
/usr/bin/cc      -rdynamic CMakeFiles/cmTC_ab49c.dir/CheckSymbolExists.c.o  -o cmTC_ab49c 
CMakeFiles/cmTC_ab49c.dir/CheckSymbolExists.c.o : Dans la fonction « main » :
CheckSymbolExists.c:(.text+0x1b) : référence indéfinie vers « pthread_create »
collect2: error: ld returned 1 exit status
CMakeFiles/cmTC_ab49c.dir/build.make:97: recipe for target 'cmTC_ab49c' failed
make[1]: *** [cmTC_ab49c] Error 1
make[1] : on quitte le répertoire « /home/etudiant/TERcelluleflexible/celluleflexible/ros_ws/build/CMakeFiles/CMakeTmp »
Makefile:126: recipe for target 'cmTC_ab49c/fast' failed
make: *** [cmTC_ab49c/fast] Error 2

File /home/etudiant/TERcelluleflexible/celluleflexible/ros_ws/build/CMakeFiles/CMakeTmp/CheckSymbolExists.c:
/* */
#include <pthread.h>

int main(int argc, char** argv)
{
  (void)argv;
#ifndef pthread_create
  return ((int*)(&pthread_create))[argc];
#else
  (void)argc;
  return 0;
#endif
}

Determining if the function pthread_create exists in the pthreads failed with the following output:
Change Dir: /home/etudiant/TERcelluleflexible/celluleflexible/ros_ws/build/CMakeFiles/CMakeTmp

Run Build Command:"/usr/bin/make" "cmTC_bc106/fast"
/usr/bin/make -f CMakeFiles/cmTC_bc106.dir/build.make CMakeFiles/cmTC_bc106.dir/build
make[1] : on entre dans le répertoire « /home/etudiant/TERcelluleflexible/celluleflexible/ros_ws/build/CMakeFiles/CMakeTmp »
Building C object CMakeFiles/cmTC_bc106.dir/CheckFunctionExists.c.o
/usr/bin/cc   -DCHECK_FUNCTION_EXISTS=pthread_create   -o CMakeFiles/cmTC_bc106.dir/CheckFunctionExists.c.o   -c /usr/share/cmake-3.10/Modules/CheckFunctionExists.c
Linking C executable cmTC_bc106
/usr/bin/cmake -E cmake_link_script CMakeFiles/cmTC_bc106.dir/link.txt --verbose=1
/usr/bin/cc  -DCHECK_FUNCTION_EXISTS=pthread_create    -rdynamic CMakeFiles/cmTC_bc106.dir/CheckFunctionExists.c.o  -o cmTC_bc106 -lpthreads 
/usr/bin/ld : ne peut trouver -lpthreads
collect2: error: ld returned 1 exit status
CMakeFiles/cmTC_bc106.dir/build.make:97: recipe for target 'cmTC_bc106' failed
make[1]: *** [cmTC_bc106] Error 1
make[1] : on quitte le répertoire « /home/etudiant/TERcelluleflexible/celluleflexible/ros_ws/build/CMakeFiles/CMakeTmp »
Makefile:126: recipe for target 'cmTC_bc106/fast' failed
make: *** [cmTC_bc106/fast] Error 2


